

Started GET "/assets/rails.png" for 127.0.0.1 at 2012-04-17 19:00:08 -0300
Served asset /rails.png - 200 OK (21ms)


Started GET "/rails/info/properties" for 127.0.0.1 at 2012-04-17 19:00:11 -0300
Processing by Rails::InfoController#properties as */*
  Rendered inline template (135.0ms)
Completed 200 OK in 351ms (Views: 350.0ms | ActiveRecord: 0.0ms)


Started GET "/about" for 127.0.0.1 at 2012-04-17 19:11:43 -0300
Processing by SiteController#about as HTML
  Rendered site/about.html.erb within layouts/application (36.0ms)
Completed 200 OK in 165ms (Views: 165.1ms | ActiveRecord: 0.0ms)


Started GET "/assets/rails.png" for 127.0.0.1 at 2012-04-17 19:15:40 -0300
Served asset /rails.png - 304 Not Modified (4ms)


Started GET "/assets/rails.png" for 127.0.0.1 at 2012-04-17 19:15:50 -0300
Served asset /rails.png - 304 Not Modified (0ms)


Started GET "/assets/rails.png" for 127.0.0.1 at 2012-04-17 19:15:55 -0300
Served asset /rails.png - 304 Not Modified (0ms)


Started GET "/painting/1" for 127.0.0.1 at 2012-04-17 19:16:01 -0300
Processing by SiteController#painting as HTML
  Parameters: {"paint"=>"1"}
Completed 500 Internal Server Error in 3ms

NameError (uninitialized constant SiteController::PAINT_NAME):
  app/controllers/site_controller.rb:15:in `painting'


  Rendered C:/RailsInstaller/Ruby1.9.3/lib/ruby/gems/1.9.1/gems/actionpack-3.2.1/lib/action_dispatch/middleware/templates/rescues/_trace.erb (4.0ms)
  Rendered C:/RailsInstaller/Ruby1.9.3/lib/ruby/gems/1.9.1/gems/actionpack-3.2.1/lib/action_dispatch/middleware/templates/rescues/_request_and_response.erb (2.0ms)
  Rendered C:/RailsInstaller/Ruby1.9.3/lib/ruby/gems/1.9.1/gems/actionpack-3.2.1/lib/action_dispatch/middleware/templates/rescues/diagnostics.erb within rescues/layout (120.0ms)


Started GET "/painting/1" for 127.0.0.1 at 2012-04-17 19:16:46 -0300
Processing by SiteController#painting as HTML
  Parameters: {"paint"=>"1"}
  Rendered site/painting.html within layouts/application (43.0ms)
Completed 200 OK in 217ms (Views: 216.0ms | ActiveRecord: 0.0ms)


Started GET "/about" for 127.0.0.1 at 2012-04-17 19:16:51 -0300
Processing by SiteController#about as HTML
  Rendered site/about.html.erb within layouts/application (0.0ms)
Completed 200 OK in 9ms (Views: 8.0ms | ActiveRecord: 0.0ms)


Started GET "/assets/rails.png" for 127.0.0.1 at 2012-04-17 19:16:54 -0300
Served asset /rails.png - 304 Not Modified (4ms)


Started GET "/assets/rails.png" for 127.0.0.1 at 2012-04-17 19:17:03 -0300
Served asset /rails.png - 304 Not Modified (0ms)


Started GET "/index" for 127.0.0.1 at 2012-04-17 19:17:38 -0300

ActionController::RoutingError (No route matches [GET] "/index"):
  actionpack (3.2.1) lib/action_dispatch/middleware/debug_exceptions.rb:21:in `call'
  actionpack (3.2.1) lib/action_dispatch/middleware/show_exceptions.rb:56:in `call'
  railties (3.2.1) lib/rails/rack/logger.rb:26:in `call_app'
  railties (3.2.1) lib/rails/rack/logger.rb:16:in `call'
  actionpack (3.2.1) lib/action_dispatch/middleware/request_id.rb:22:in `call'
  rack (1.4.1) lib/rack/methodoverride.rb:21:in `call'
  rack (1.4.1) lib/rack/runtime.rb:17:in `call'
  activesupport (3.2.1) lib/active_support/cache/strategy/local_cache.rb:72:in `call'
  rack (1.4.1) lib/rack/lock.rb:15:in `call'
  actionpack (3.2.1) lib/action_dispatch/middleware/static.rb:53:in `call'
  railties (3.2.1) lib/rails/engine.rb:479:in `call'
  railties (3.2.1) lib/rails/application.rb:220:in `call'
  rack (1.4.1) lib/rack/content_length.rb:14:in `call'
  railties (3.2.1) lib/rails/rack/log_tailer.rb:14:in `call'
  rack (1.4.1) lib/rack/handler/webrick.rb:59:in `service'
  C:/RailsInstaller/Ruby1.9.3/lib/ruby/1.9.1/webrick/httpserver.rb:138:in `service'
  C:/RailsInstaller/Ruby1.9.3/lib/ruby/1.9.1/webrick/httpserver.rb:94:in `run'
  C:/RailsInstaller/Ruby1.9.3/lib/ruby/1.9.1/webrick/server.rb:191:in `block in start_thread'


  Rendered C:/RailsInstaller/Ruby1.9.3/lib/ruby/gems/1.9.1/gems/actionpack-3.2.1/lib/action_dispatch/middleware/templates/rescues/routing_error.erb within rescues/layout (1.0ms)


Started GET "/assets/rails.png" for 127.0.0.1 at 2012-04-17 19:17:40 -0300
Served asset /rails.png - 304 Not Modified (0ms)


Started GET "/" for 127.0.0.1 at 2012-04-17 19:17:41 -0300
Processing by SiteController#index as HTML
  Rendered site/index.html within layouts/application (1.0ms)
Completed 200 OK in 10ms (Views: 9.0ms | ActiveRecord: 0.0ms)


Started GET "/painting/11" for 127.0.0.1 at 2012-04-17 19:17:44 -0300
Processing by SiteController#painting as HTML
  Parameters: {"paint"=>"11"}
  Rendered site/painting.html within layouts/application (0.0ms)
Completed 200 OK in 9ms (Views: 9.0ms | ActiveRecord: 0.0ms)


Started GET "/painting/1" for 127.0.0.1 at 2012-04-17 19:17:45 -0300
Processing by SiteController#painting as HTML
  Parameters: {"paint"=>"1"}
  Rendered site/painting.html within layouts/application (1.0ms)
Completed 200 OK in 8ms (Views: 8.0ms | ActiveRecord: 0.0ms)


Started GET "/painting/8" for 127.0.0.1 at 2012-04-17 19:17:47 -0300
Processing by SiteController#painting as HTML
  Parameters: {"paint"=>"8"}
  Rendered site/painting.html within layouts/application (0.0ms)
Completed 200 OK in 7ms (Views: 7.0ms | ActiveRecord: 0.0ms)


Started GET "/" for 127.0.0.1 at 2012-04-17 19:21:02 -0300
Processing by SiteController#index as HTML
  Rendered site/index.html within layouts/application (55.0ms)
Completed 200 OK in 187ms (Views: 186.0ms | ActiveRecord: 0.0ms)


Started GET "/painting/8" for 127.0.0.1 at 2012-04-17 19:21:06 -0300
Processing by SiteController#painting as HTML
  Parameters: {"paint"=>"8"}
  Rendered site/painting.html within layouts/application (1.0ms)
Completed 200 OK in 8ms (Views: 7.0ms | ActiveRecord: 0.0ms)


Started GET "/about" for 127.0.0.1 at 2012-04-17 19:21:08 -0300
Processing by SiteController#about as HTML
  Rendered site/about.html.erb within layouts/application (1.0ms)
Completed 200 OK in 8ms (Views: 7.0ms | ActiveRecord: 0.0ms)


Started GET "/" for 127.0.0.1 at 2012-04-17 19:21:09 -0300
Processing by SiteController#index as HTML
  Rendered site/index.html within layouts/application (0.0ms)
Completed 200 OK in 8ms (Views: 7.0ms | ActiveRecord: 0.0ms)
